I, [2015-12-19T04:31:54.028724 #14190]  INFO -- : Refreshing Gem list
I, [2015-12-19T04:31:55.577255 #14190]  INFO -- : listening on addr=/home/ubuntu/blog/shared/sockets/unicorn.sock fd=11
I, [2015-12-19T04:31:55.577412 #14190]  INFO -- : worker=0 spawning...
I, [2015-12-19T04:31:55.578605 #14190]  INFO -- : worker=1 spawning...
I, [2015-12-19T04:31:55.579702 #14190]  INFO -- : master process ready
I, [2015-12-19T04:31:55.583395 #14193]  INFO -- : worker=0 spawned pid=14193
I, [2015-12-19T04:31:55.583516 #14193]  INFO -- : worker=0 ready
I, [2015-12-19T04:31:55.584146 #14196]  INFO -- : worker=1 spawned pid=14196
I, [2015-12-19T04:31:55.584257 #14196]  INFO -- : worker=1 ready
I, [2015-12-19T04:59:23.575598 #14348]  INFO -- : executing ["/home/ubuntu/.rvm/gems/ruby-2.0.0-p643/bin/unicorn", "-c", "config/unicorn.rb", "-E", "production", "-D", {11=>#<Kgio::UNIXServer:/home/ubuntu/blog/shared/sockets/unicorn.sock>}] (in /home/ubuntu/blog)
I, [2015-12-19T04:59:23.575718 #14348]  INFO -- : forked child re-executing...
I, [2015-12-19T04:59:23.820896 #14348]  INFO -- : inherited addr=/home/ubuntu/blog/shared/sockets/unicorn.sock fd=11
I, [2015-12-19T04:59:23.821083 #14348]  INFO -- : Refreshing Gem list
I, [2015-12-19T04:59:25.350590 #14348]  INFO -- : worker=0 spawning...
I, [2015-12-19T04:59:25.351703 #14348]  INFO -- : worker=1 spawning...
I, [2015-12-19T04:59:25.352329 #14348]  INFO -- : master process ready
I, [2015-12-19T04:59:25.353096 #14352]  INFO -- : worker=0 spawned pid=14352
I, [2015-12-19T04:59:25.353246 #14352]  INFO -- : worker=0 ready
I, [2015-12-19T04:59:25.356578 #14354]  INFO -- : worker=1 spawned pid=14354
I, [2015-12-19T04:59:25.356692 #14354]  INFO -- : worker=1 ready
I, [2015-12-19T20:50:17.555036 #14190]  INFO -- : reaped #<Process::Status: pid 14193 exit 0> worker=0
I, [2015-12-19T20:50:17.556370 #14190]  INFO -- : reaped #<Process::Status: pid 14196 exit 0> worker=1
I, [2015-12-19T20:50:17.556423 #14190]  INFO -- : master complete
I, [2015-12-19T20:50:17.558748 #14348]  INFO -- : reaped #<Process::Status: pid 14352 exit 0> worker=0
I, [2015-12-19T20:50:17.558839 #14348]  INFO -- : reaped #<Process::Status: pid 14354 exit 0> worker=1
I, [2015-12-19T20:50:17.558896 #14348]  INFO -- : master complete
I, [2015-12-19T20:51:09.563025 #1133]  INFO -- : Refreshing Gem list
I, [2015-12-19T20:51:12.236975 #1133]  INFO -- : unlinking existing socket=/home/ubuntu/blog/shared/sockets/unicorn.sock
I, [2015-12-19T20:51:12.237149 #1133]  INFO -- : listening on addr=/home/ubuntu/blog/shared/sockets/unicorn.sock fd=11
I, [2015-12-19T20:51:12.237240 #1133]  INFO -- : worker=0 spawning...
I, [2015-12-19T20:51:12.238119 #1133]  INFO -- : worker=1 spawning...
I, [2015-12-19T20:51:12.238741 #1133]  INFO -- : master process ready
I, [2015-12-19T20:51:12.245027 #1136]  INFO -- : worker=0 spawned pid=1136
I, [2015-12-19T20:51:12.245167 #1136]  INFO -- : worker=0 ready
I, [2015-12-19T20:51:12.245740 #1138]  INFO -- : worker=1 spawned pid=1138
I, [2015-12-19T20:51:12.245872 #1138]  INFO -- : worker=1 ready
I, [2015-12-19T22:24:42.313704 #27862]  INFO -- : executing ["/home/ubuntu/.rvm/gems/ruby-2.0.0-p643/bin/unicorn", "-c", "config/unicorn.rb", "-E", "production", "-D", {11=>#<Kgio::UNIXServer:/home/ubuntu/blog/shared/sockets/unicorn.sock>}] (in /home/ubuntu/blog)
I, [2015-12-19T22:24:42.313831 #27862]  INFO -- : forked child re-executing...
I, [2015-12-19T22:24:42.564640 #27862]  INFO -- : inherited addr=/home/ubuntu/blog/shared/sockets/unicorn.sock fd=11
I, [2015-12-19T22:24:42.564849 #27862]  INFO -- : Refreshing Gem list
I, [2015-12-19T22:24:44.177453 #27862]  INFO -- : worker=0 spawning...
I, [2015-12-19T22:24:44.178272 #27862]  INFO -- : worker=1 spawning...
I, [2015-12-19T22:24:44.178906 #27862]  INFO -- : master process ready
I, [2015-12-19T22:24:44.179662 #27866]  INFO -- : worker=0 spawned pid=27866
I, [2015-12-19T22:24:44.179789 #27866]  INFO -- : worker=0 ready
I, [2015-12-19T22:24:44.180385 #27868]  INFO -- : worker=1 spawned pid=27868
I, [2015-12-19T22:24:44.180520 #27868]  INFO -- : worker=1 ready
I, [2015-12-19T22:25:21.739902 #1133]  INFO -- : reaped #<Process::Status: pid 1136 exit 0> worker=0
I, [2015-12-19T22:25:21.740094 #1133]  INFO -- : reaped #<Process::Status: pid 1138 exit 0> worker=1
I, [2015-12-19T22:25:21.740141 #1133]  INFO -- : master complete
I, [2015-12-19T22:25:21.857683 #27862]  INFO -- : reaped #<Process::Status: pid 27866 exit 0> worker=0
I, [2015-12-19T22:25:21.857812 #27862]  INFO -- : reaped #<Process::Status: pid 27868 exit 0> worker=1
I, [2015-12-19T22:25:21.857878 #27862]  INFO -- : master complete
I, [2015-12-19T22:26:08.298141 #1122]  INFO -- : Refreshing Gem list
I, [2015-12-19T22:26:10.911704 #1122]  INFO -- : unlinking existing socket=/home/ubuntu/blog/shared/sockets/unicorn.sock
I, [2015-12-19T22:26:10.911895 #1122]  INFO -- : listening on addr=/home/ubuntu/blog/shared/sockets/unicorn.sock fd=11
I, [2015-12-19T22:26:10.912046 #1122]  INFO -- : worker=0 spawning...
I, [2015-12-19T22:26:10.912969 #1122]  INFO -- : worker=1 spawning...
I, [2015-12-19T22:26:10.913592 #1122]  INFO -- : master process ready
I, [2015-12-19T22:26:10.920579 #1125]  INFO -- : worker=0 spawned pid=1125
I, [2015-12-19T22:26:10.920722 #1125]  INFO -- : worker=0 ready
I, [2015-12-19T22:26:10.921381 #1127]  INFO -- : worker=1 spawned pid=1127
I, [2015-12-19T22:26:10.921495 #1127]  INFO -- : worker=1 ready
I, [2015-12-19T22:57:38.914334 #1122]  INFO -- : reaped #<Process::Status: pid 1125 exit 0> worker=0
I, [2015-12-19T22:57:38.914433 #1122]  INFO -- : reaped #<Process::Status: pid 1127 exit 0> worker=1
I, [2015-12-19T22:57:38.914510 #1122]  INFO -- : master complete
I, [2015-12-19T22:58:21.420056 #1117]  INFO -- : Refreshing Gem list
I, [2015-12-19T22:58:24.024599 #1117]  INFO -- : unlinking existing socket=/home/ubuntu/blog/shared/sockets/unicorn.sock
I, [2015-12-19T22:58:24.024781 #1117]  INFO -- : listening on addr=/home/ubuntu/blog/shared/sockets/unicorn.sock fd=11
I, [2015-12-19T22:58:24.024890 #1117]  INFO -- : worker=0 spawning...
I, [2015-12-19T22:58:24.025790 #1117]  INFO -- : worker=1 spawning...
I, [2015-12-19T22:58:24.026418 #1117]  INFO -- : master process ready
I, [2015-12-19T22:58:24.033074 #1121]  INFO -- : worker=0 spawned pid=1121
I, [2015-12-19T22:58:24.033213 #1121]  INFO -- : worker=0 ready
I, [2015-12-19T22:58:24.033862 #1123]  INFO -- : worker=1 spawned pid=1123
I, [2015-12-19T22:58:24.033990 #1123]  INFO -- : worker=1 ready
I, [2015-12-21T02:32:30.531068 #2851]  INFO -- : executing ["/home/ubuntu/.rvm/gems/ruby-2.0.0-p643/bin/unicorn", "-c", "config/unicorn.rb", "-E", "production", "-D", {11=>#<Kgio::UNIXServer:/home/ubuntu/blog/shared/sockets/unicorn.sock>}] (in /home/ubuntu/blog)
I, [2015-12-21T02:32:30.531296 #2851]  INFO -- : forked child re-executing...
/home/ubuntu/.rvm/gems/ruby-2.0.0-p643/gems/bundler-1.11.2/lib/bundler/spec_set.rb:94:in `block in materialize': Could not find acts-as-taggable-on-3.5.0 in any of the sources (Bundler::GemNotFound)
	from /home/ubuntu/.rvm/gems/ruby-2.0.0-p643/gems/bundler-1.11.2/lib/bundler/spec_set.rb:87:in `map!'
	from /home/ubuntu/.rvm/gems/ruby-2.0.0-p643/gems/bundler-1.11.2/lib/bundler/spec_set.rb:87:in `materialize'
	from /home/ubuntu/.rvm/gems/ruby-2.0.0-p643/gems/bundler-1.11.2/lib/bundler/definition.rb:137:in `specs'
	from /home/ubuntu/.rvm/gems/ruby-2.0.0-p643/gems/bundler-1.11.2/lib/bundler/definition.rb:182:in `specs_for'
	from /home/ubuntu/.rvm/gems/ruby-2.0.0-p643/gems/bundler-1.11.2/lib/bundler/definition.rb:171:in `requested_specs'
	from /home/ubuntu/.rvm/gems/ruby-2.0.0-p643/gems/bundler-1.11.2/lib/bundler/environment.rb:18:in `requested_specs'
	from /home/ubuntu/.rvm/gems/ruby-2.0.0-p643/gems/bundler-1.11.2/lib/bundler/runtime.rb:13:in `setup'
	from /home/ubuntu/.rvm/gems/ruby-2.0.0-p643/gems/bundler-1.11.2/lib/bundler.rb:92:in `setup'
	from /home/ubuntu/.rvm/gems/ruby-2.0.0-p643/gems/bundler-1.11.2/lib/bundler/setup.rb:18:in `<top (required)>'
	from /home/ubuntu/.rvm/rubies/ruby-2.0.0-p643/lib/ruby/site_ruby/2.0.0/rubygems/core_ext/kernel_require.rb:54:in `require'
	from /home/ubuntu/.rvm/rubies/ruby-2.0.0-p643/lib/ruby/site_ruby/2.0.0/rubygems/core_ext/kernel_require.rb:54:in `require'
E, [2015-12-21T02:32:30.696912 #1117] ERROR -- : reaped #<Process::Status: pid 2851 exit 1> exec()-ed
I, [2015-12-21T02:32:42.503345 #1117]  INFO -- : reaped #<Process::Status: pid 1121 exit 0> worker=0
I, [2015-12-21T02:32:42.503488 #1117]  INFO -- : reaped #<Process::Status: pid 1123 exit 0> worker=1
I, [2015-12-21T02:32:42.503799 #1117]  INFO -- : master complete
I, [2015-12-21T02:38:17.218630 #1118]  INFO -- : Refreshing Gem list
I, [2015-12-21T02:38:19.858386 #1118]  INFO -- : unlinking existing socket=/home/ubuntu/blog/shared/sockets/unicorn.sock
I, [2015-12-21T02:38:19.859031 #1118]  INFO -- : listening on addr=/home/ubuntu/blog/shared/sockets/unicorn.sock fd=11
I, [2015-12-21T02:38:19.859184 #1118]  INFO -- : worker=0 spawning...
I, [2015-12-21T02:38:19.860001 #1118]  INFO -- : worker=1 spawning...
I, [2015-12-21T02:38:19.860672 #1118]  INFO -- : master process ready
I, [2015-12-21T02:38:19.867552 #1122]  INFO -- : worker=0 spawned pid=1122
I, [2015-12-21T02:38:19.867697 #1122]  INFO -- : worker=0 ready
I, [2015-12-21T02:38:19.868278 #1124]  INFO -- : worker=1 spawned pid=1124
I, [2015-12-21T02:38:19.868396 #1124]  INFO -- : worker=1 ready
I, [2015-12-21T02:40:53.439286 #1359]  INFO -- : executing ["/home/ubuntu/.rvm/gems/ruby-2.0.0-p643/bin/unicorn", "-c", "config/unicorn.rb", "-E", "production", "-D", {11=>#<Kgio::UNIXServer:/home/ubuntu/blog/shared/sockets/unicorn.sock>}] (in /home/ubuntu/blog)
I, [2015-12-21T02:40:53.439452 #1359]  INFO -- : forked child re-executing...
I, [2015-12-21T02:40:53.680162 #1359]  INFO -- : inherited addr=/home/ubuntu/blog/shared/sockets/unicorn.sock fd=11
I, [2015-12-21T02:40:53.680371 #1359]  INFO -- : Refreshing Gem list
I, [2015-12-21T02:40:55.262088 #1359]  INFO -- : worker=0 spawning...
I, [2015-12-21T02:40:55.262995 #1359]  INFO -- : worker=1 spawning...
I, [2015-12-21T02:40:55.263815 #1359]  INFO -- : master process ready
I, [2015-12-21T02:40:55.264538 #1363]  INFO -- : worker=0 spawned pid=1363
I, [2015-12-21T02:40:55.264667 #1363]  INFO -- : worker=0 ready
I, [2015-12-21T02:40:55.265365 #1365]  INFO -- : worker=1 spawned pid=1365
I, [2015-12-21T02:40:55.265491 #1365]  INFO -- : worker=1 ready
E, [2015-12-21T02:41:49.054789 #1359] ERROR -- : old PID:1118 running with existing pid=/home/ubuntu/blog/shared/pids/unicorn.pid.oldbin, refusing rexec
I, [2015-12-21T02:42:23.585160 #1118]  INFO -- : reaped #<Process::Status: pid 1122 exit 0> worker=0
I, [2015-12-21T02:42:23.585295 #1118]  INFO -- : reaped #<Process::Status: pid 1124 exit 0> worker=1
I, [2015-12-21T02:42:23.585347 #1118]  INFO -- : master complete
I, [2015-12-21T02:42:23.730762 #1359]  INFO -- : reaped #<Process::Status: pid 1363 exit 0> worker=0
I, [2015-12-21T02:42:23.730868 #1359]  INFO -- : reaped #<Process::Status: pid 1365 exit 0> worker=1
I, [2015-12-21T02:42:23.730953 #1359]  INFO -- : master complete
I, [2015-12-21T02:43:06.255821 #1120]  INFO -- : Refreshing Gem list
I, [2015-12-21T02:43:08.829239 #1120]  INFO -- : unlinking existing socket=/home/ubuntu/blog/shared/sockets/unicorn.sock
I, [2015-12-21T02:43:08.829825 #1120]  INFO -- : listening on addr=/home/ubuntu/blog/shared/sockets/unicorn.sock fd=11
I, [2015-12-21T02:43:08.829916 #1120]  INFO -- : worker=0 spawning...
I, [2015-12-21T02:43:08.830834 #1120]  INFO -- : worker=1 spawning...
I, [2015-12-21T02:43:08.831480 #1120]  INFO -- : master process ready
I, [2015-12-21T02:43:08.837857 #1250]  INFO -- : worker=0 spawned pid=1250
I, [2015-12-21T02:43:08.837975 #1250]  INFO -- : worker=0 ready
I, [2015-12-21T02:43:08.838631 #1252]  INFO -- : worker=1 spawned pid=1252
I, [2015-12-21T02:43:08.838752 #1252]  INFO -- : worker=1 ready
I, [2015-12-21T02:45:10.233820 #1386]  INFO -- : executing ["/home/ubuntu/.rvm/gems/ruby-2.0.0-p643/bin/unicorn", "-c", "config/unicorn.rb", "-E", "production", "-D", {11=>#<Kgio::UNIXServer:/home/ubuntu/blog/shared/sockets/unicorn.sock>}] (in /home/ubuntu/blog)
I, [2015-12-21T02:45:10.233960 #1386]  INFO -- : forked child re-executing...
I, [2015-12-21T02:45:10.488237 #1386]  INFO -- : inherited addr=/home/ubuntu/blog/shared/sockets/unicorn.sock fd=11
I, [2015-12-21T02:45:10.488457 #1386]  INFO -- : Refreshing Gem list
I, [2015-12-21T02:45:12.157330 #1386]  INFO -- : worker=0 spawning...
I, [2015-12-21T02:45:12.158356 #1386]  INFO -- : worker=1 spawning...
I, [2015-12-21T02:45:12.158980 #1386]  INFO -- : master process ready
I, [2015-12-21T02:45:12.159727 #1390]  INFO -- : worker=0 spawned pid=1390
I, [2015-12-21T02:45:12.159856 #1390]  INFO -- : worker=0 ready
I, [2015-12-21T02:45:12.160536 #1392]  INFO -- : worker=1 spawned pid=1392
I, [2015-12-21T02:45:12.160669 #1392]  INFO -- : worker=1 ready
I, [2015-12-21T02:54:41.436505 #1386]  INFO -- : reaped #<Process::Status: pid 1390 exit 0> worker=0
I, [2015-12-21T02:54:41.436620 #1386]  INFO -- : reaped #<Process::Status: pid 1392 exit 0> worker=1
I, [2015-12-21T02:54:41.436709 #1386]  INFO -- : master complete
E, [2015-12-21T02:54:41.480220 #1120] ERROR -- : reaped #<Process::Status: pid 1386 exit 0> exec()-ed
I, [2015-12-21T02:55:03.998234 #1120]  INFO -- : reaped #<Process::Status: pid 1250 exit 0> worker=0
I, [2015-12-21T02:55:03.998345 #1120]  INFO -- : reaped #<Process::Status: pid 1252 exit 0> worker=1
I, [2015-12-21T02:55:03.998414 #1120]  INFO -- : master complete
I, [2015-12-21T02:55:48.501031 #1118]  INFO -- : Refreshing Gem list
I, [2015-12-21T02:55:51.407137 #1118]  INFO -- : unlinking existing socket=/home/ubuntu/blog/shared/sockets/unicorn.sock
I, [2015-12-21T02:55:51.407332 #1118]  INFO -- : listening on addr=/home/ubuntu/blog/shared/sockets/unicorn.sock fd=11
I, [2015-12-21T02:55:51.407439 #1118]  INFO -- : worker=0 spawning...
I, [2015-12-21T02:55:51.408396 #1118]  INFO -- : worker=1 spawning...
I, [2015-12-21T02:55:51.409036 #1118]  INFO -- : master process ready
I, [2015-12-21T02:55:51.415970 #1249]  INFO -- : worker=0 spawned pid=1249
I, [2015-12-21T02:55:51.416121 #1249]  INFO -- : worker=0 ready
I, [2015-12-21T02:55:51.416795 #1251]  INFO -- : worker=1 spawned pid=1251
I, [2015-12-21T02:55:51.416907 #1251]  INFO -- : worker=1 ready
I, [2015-12-21T04:09:28.359310 #1677]  INFO -- : executing ["/home/ubuntu/.rvm/gems/ruby-2.0.0-p643/bin/unicorn", "-c", "config/unicorn.rb", "-E", "production", "-D", {11=>#<Kgio::UNIXServer:/home/ubuntu/blog/shared/sockets/unicorn.sock>}] (in /home/ubuntu/blog)
I, [2015-12-21T04:09:28.359456 #1677]  INFO -- : forked child re-executing...
I, [2015-12-21T04:09:28.599056 #1677]  INFO -- : inherited addr=/home/ubuntu/blog/shared/sockets/unicorn.sock fd=11
I, [2015-12-21T04:09:28.599271 #1677]  INFO -- : Refreshing Gem list
I, [2015-12-21T04:09:30.184668 #1677]  INFO -- : worker=0 spawning...
I, [2015-12-21T04:09:30.185469 #1677]  INFO -- : worker=1 spawning...
I, [2015-12-21T04:09:30.186068 #1677]  INFO -- : master process ready
I, [2015-12-21T04:09:30.186858 #1681]  INFO -- : worker=0 spawned pid=1681
I, [2015-12-21T04:09:30.187004 #1681]  INFO -- : worker=0 ready
I, [2015-12-21T04:09:30.187646 #1683]  INFO -- : worker=1 spawned pid=1683
I, [2015-12-21T04:09:30.187773 #1683]  INFO -- : worker=1 ready
I, [2015-12-21T04:16:49.581792 #1118]  INFO -- : reaped #<Process::Status: pid 1249 exit 0> worker=0
I, [2015-12-21T04:16:49.682255 #1118]  INFO -- : reaped #<Process::Status: pid 1251 exit 0> worker=1
I, [2015-12-21T04:16:49.682360 #1118]  INFO -- : master complete
I, [2015-12-21T04:16:49.796575 #1677]  INFO -- : reaped #<Process::Status: pid 1681 exit 0> worker=0
I, [2015-12-21T04:16:49.796695 #1677]  INFO -- : reaped #<Process::Status: pid 1683 exit 0> worker=1
I, [2015-12-21T04:16:49.796762 #1677]  INFO -- : master complete
I, [2015-12-21T04:17:32.403430 #1118]  INFO -- : Refreshing Gem list
I, [2015-12-21T04:17:35.097758 #1118]  INFO -- : unlinking existing socket=/home/ubuntu/blog/shared/sockets/unicorn.sock
I, [2015-12-21T04:17:35.097968 #1118]  INFO -- : listening on addr=/home/ubuntu/blog/shared/sockets/unicorn.sock fd=11
I, [2015-12-21T04:17:35.098059 #1118]  INFO -- : worker=0 spawning...
I, [2015-12-21T04:17:35.098903 #1118]  INFO -- : worker=1 spawning...
I, [2015-12-21T04:17:35.099566 #1118]  INFO -- : master process ready
I, [2015-12-21T04:17:35.104544 #1122]  INFO -- : worker=0 spawned pid=1122
I, [2015-12-21T04:17:35.104691 #1122]  INFO -- : worker=0 ready
I, [2015-12-21T04:17:35.105307 #1124]  INFO -- : worker=1 spawned pid=1124
I, [2015-12-21T04:17:35.105423 #1124]  INFO -- : worker=1 ready
I, [2015-12-23T20:07:34.400335 #3752]  INFO -- : executing ["/home/ubuntu/.rvm/gems/ruby-2.0.0-p643/bin/unicorn", "-c", "config/unicorn.rb", "-E", "production", "-D", {11=>#<Kgio::UNIXServer:/home/ubuntu/blog/shared/sockets/unicorn.sock>}] (in /home/ubuntu/blog)
I, [2015-12-23T20:07:34.400532 #3752]  INFO -- : forked child re-executing...
I, [2015-12-23T20:07:34.650989 #3752]  INFO -- : inherited addr=/home/ubuntu/blog/shared/sockets/unicorn.sock fd=11
I, [2015-12-23T20:07:34.651270 #3752]  INFO -- : Refreshing Gem list
I, [2015-12-23T20:07:36.202005 #3752]  INFO -- : worker=0 spawning...
I, [2015-12-23T20:07:36.202855 #3752]  INFO -- : worker=1 spawning...
I, [2015-12-23T20:07:36.203529 #3752]  INFO -- : master process ready
I, [2015-12-23T20:07:36.204317 #3756]  INFO -- : worker=0 spawned pid=3756
I, [2015-12-23T20:07:36.204450 #3756]  INFO -- : worker=0 ready
I, [2015-12-23T20:07:36.205078 #3758]  INFO -- : worker=1 spawned pid=3758
I, [2015-12-23T20:07:36.205203 #3758]  INFO -- : worker=1 ready
I, [2015-12-23T20:08:32.663608 #1118]  INFO -- : reaped #<Process::Status: pid 1122 exit 0> worker=0
I, [2015-12-23T20:08:32.663764 #1118]  INFO -- : reaped #<Process::Status: pid 1124 exit 0> worker=1
I, [2015-12-23T20:08:32.663810 #1118]  INFO -- : master complete
I, [2015-12-23T20:08:32.783349 #3752]  INFO -- : reaped #<Process::Status: pid 3756 exit 0> worker=0
I, [2015-12-23T20:08:32.783452 #3752]  INFO -- : reaped #<Process::Status: pid 3758 exit 0> worker=1
I, [2015-12-23T20:08:32.783517 #3752]  INFO -- : master complete
I, [2015-12-23T20:09:17.236878 #1118]  INFO -- : Refreshing Gem list
I, [2015-12-23T20:09:20.000084 #1118]  INFO -- : unlinking existing socket=/home/ubuntu/blog/shared/sockets/unicorn.sock
I, [2015-12-23T20:09:20.000270 #1118]  INFO -- : listening on addr=/home/ubuntu/blog/shared/sockets/unicorn.sock fd=11
I, [2015-12-23T20:09:20.000380 #1118]  INFO -- : worker=0 spawning...
I, [2015-12-23T20:09:20.001262 #1118]  INFO -- : worker=1 spawning...
I, [2015-12-23T20:09:20.002059 #1118]  INFO -- : master process ready
I, [2015-12-23T20:09:20.006434 #1121]  INFO -- : worker=0 spawned pid=1121
I, [2015-12-23T20:09:20.006615 #1121]  INFO -- : worker=0 ready
I, [2015-12-23T20:09:20.007287 #1123]  INFO -- : worker=1 spawned pid=1123
I, [2015-12-23T20:09:20.007412 #1123]  INFO -- : worker=1 ready
